<?xml version="1.0" encoding="UTF-8"?>
<testsuite name="com.zzezze.friendy.models.UserTest" tests="1" skipped="0" failures="0" errors="0" timestamp="2022-12-26T06:53:53" hostname="choejaewon-ui-MacBookPro.local" time="0.055">
  <properties/>
  <testcase name="create()" classname="com.zzezze.friendy.models.UserTest" time="0.055"/>
  <system-out><![CDATA[]]></system-out>
  <system-err><![CDATA[]]></system-err>
</testsuite>
