<?xml version="1.0" encoding="UTF-8"?>
<testsuite name="com.zzezze.friendy.models.UsernameTest" tests="1" skipped="0" failures="0" errors="0" timestamp="2022-12-26T06:53:56" hostname="choejaewon-ui-MacBookPro.local" time="0.0">
  <properties/>
  <testcase name="equality()" classname="com.zzezze.friendy.models.UsernameTest" time="0.0"/>
  <system-out><![CDATA[]]></system-out>
  <system-err><![CDATA[]]></system-err>
</testsuite>
