<?xml version="1.0" encoding="UTF-8"?>
<testsuite name="com.zzezze.friendy.applications.LoginServiceTest" tests="1" skipped="0" failures="0" errors="0" timestamp="2022-12-26T06:53:55" hostname="choejaewon-ui-MacBookPro.local" time="0.244">
  <properties/>
  <testcase name="loginSuccess()" classname="com.zzezze.friendy.applications.LoginServiceTest" time="0.244"/>
  <system-out><![CDATA[]]></system-out>
  <system-err><![CDATA[]]></system-err>
</testsuite>
