<?xml version="1.0" encoding="UTF-8"?>
<testsuite name="com.zzezze.friendy.controllers.SessionControllerTest" tests="1" skipped="0" failures="0" errors="0" timestamp="2022-12-26T06:53:56" hostname="choejaewon-ui-MacBookPro.local" time="0.067">
  <properties/>
  <testcase name="loginSuccess()" classname="com.zzezze.friendy.controllers.SessionControllerTest" time="0.067"/>
  <system-out><![CDATA[2022-12-26T15:53:55.969+09:00  INFO 95735 --- [    Test worker] t.c.s.AnnotationConfigContextLoaderUtils : Could not detect default configuration classes for test class [com.zzezze.friendy.controllers.SessionControllerTest]: SessionControllerTest does not declare any static, non-private, non-final, nested classes annotated with @Configuration.
2022-12-26T15:53:55.979+09:00  INFO 95735 --- [    Test worker] .b.t.c.SpringBootTestContextBootstrapper : Found @SpringBootConfiguration com.zzezze.friendy.FriendyApplication for test class com.zzezze.friendy.controllers.SessionControllerTest

  .   ____          _            __ _ _
 /\\ / ___'_ __ _ _(_)_ __  __ _ \ \ \ \
( ( )\___ | '_ | '_| | '_ \/ _` | \ \ \ \
 \\/  ___)| |_)| | | | | || (_| |  ) ) ) )
  '  |____| .__|_| |_|_| |_\__, | / / / /
 =========|_|==============|___/=/_/_/_/
 :: Spring Boot ::                (v3.0.0)

2022-12-26T15:53:55.990+09:00  INFO 95735 --- [    Test worker] c.z.f.controllers.SessionControllerTest  : Starting SessionControllerTest using Java 17 with PID 95735 (started by jw in /Users/jw/work/project/friendy-backend)
2022-12-26T15:53:55.990+09:00  INFO 95735 --- [    Test worker] c.z.f.controllers.SessionControllerTest  : No active profile set, falling back to 1 default profile: "default"
2022-12-26T15:53:56.099+09:00  WARN 95735 --- [    Test worker] .s.s.UserDetailsServiceAutoConfiguration : 

Using generated security password: 957e1727-5fc9-4700-a237-817ecb6404d6

This generated password is for development use only. Your security configuration must be updated before running your application in production.

2022-12-26T15:53:56.101+09:00  INFO 95735 --- [    Test worker] o.s.s.web.DefaultSecurityFilterChain     : Will secure any request with [org.springframework.security.web.session.DisableEncodeUrlFilter@31e1c7c, org.springframework.security.web.context.request.async.WebAsyncManagerIntegrationFilter@30ae3c46, org.springframework.security.web.context.SecurityContextHolderFilter@1e8c741c, org.springframework.security.web.header.HeaderWriterFilter@4dd28982, org.springframework.security.web.csrf.CsrfFilter@7eb006bd, org.springframework.security.web.authentication.logout.LogoutFilter@11eb8842, org.springframework.security.web.authentication.UsernamePasswordAuthenticationFilter@3e866323, org.springframework.security.web.authentication.ui.DefaultLoginPageGeneratingFilter@34714012, org.springframework.security.web.authentication.ui.DefaultLogoutPageGeneratingFilter@3dbcde0b, org.springframework.security.web.authentication.www.BasicAuthenticationFilter@73624529, org.springframework.security.web.savedrequest.RequestCacheAwareFilter@60f70c9e, org.springframework.security.web.servletapi.SecurityContextHolderAwareRequestFilter@6db64abf, org.springframework.security.web.authentication.AnonymousAuthenticationFilter@5c168f98, org.springframework.security.web.access.ExceptionTranslationFilter@633dce39, org.springframework.security.web.access.intercept.AuthorizationFilter@7018636a]
2022-12-26T15:53:56.102+09:00  WARN 95735 --- [    Test worker] o.s.s.c.a.web.builders.WebSecurity       : You are asking Spring Security to ignore Mvc [pattern='/**']. This is not recommended -- please use permitAll via HttpSecurity#authorizeHttpRequests instead.
2022-12-26T15:53:56.102+09:00  INFO 95735 --- [    Test worker] o.s.s.web.DefaultSecurityFilterChain     : Will not secure Mvc [pattern='/**']
2022-12-26T15:53:56.115+09:00  INFO 95735 --- [    Test worker] o.s.b.t.m.w.SpringBootMockServletContext : Initializing Spring TestDispatcherServlet ''
2022-12-26T15:53:56.115+09:00  INFO 95735 --- [    Test worker] o.s.t.web.servlet.TestDispatcherServlet  : Initializing Servlet ''
2022-12-26T15:53:56.115+09:00  INFO 95735 --- [    Test worker] o.s.t.web.servlet.TestDispatcherServlet  : Completed initialization in 0 ms
2022-12-26T15:53:56.118+09:00  INFO 95735 --- [    Test worker] c.z.f.controllers.SessionControllerTest  : Started SessionControllerTest in 0.137 seconds (process running for 2.796)
]]></system-out>
  <system-err><![CDATA[]]></system-err>
</testsuite>
